<?xml version="1.0" encoding="UTF-8"?>
<testng-results skipped="0" failed="0" total="1" passed="1">
  <reporter-output>
  </reporter-output>
  <suite name="Suite" duration-ms="15974" started-at="2019-08-27T19:16:42Z" finished-at="2019-08-27T19:16:58Z">
    <groups>
    </groups>
    <test name="Test" duration-ms="15974" started-at="2019-08-27T19:16:42Z" finished-at="2019-08-27T19:16:58Z">
      <class name="revolutionit.NswLocationSearch">
        <test-method status="PASS" signature="setUp()[pri:0, instance:revolutionit.NswLocationSearch@6d8a00e3]" name="setUp" is-config="true" duration-ms="4746" started-at="2019-08-28T05:16:42Z" finished-at="2019-08-28T05:16:47Z">
          <reporter-output>
          </reporter-output>
        </test-method> <!-- setUp -->
        <test-method status="PASS" signature="findMyLocation()[pri:0, instance:revolutionit.NswLocationSearch@6d8a00e3]" name="findMyLocation" duration-ms="10469" started-at="2019-08-28T05:16:47Z" finished-at="2019-08-28T05:16:57Z">
          <reporter-output>
          </reporter-output>
        </test-method> <!-- findMyLocation -->
        <test-method status="PASS" signature="tearDown()[pri:0, instance:revolutionit.NswLocationSearch@6d8a00e3]" name="tearDown" is-config="true" duration-ms="739" started-at="2019-08-28T05:16:57Z" finished-at="2019-08-28T05:16:58Z">
          <reporter-output>
          </reporter-output>
        </test-method> <!-- tearDown -->
      </class> <!-- revolutionit.NswLocationSearch -->
    </test> <!-- Test -->
  </suite> <!-- Suite -->
</testng-results>
